{"/Users/rhurst/Developer/x2/node_milieu/lib/milieu.js":{"path":"/Users/rhurst/Developer/x2/node_milieu/lib/milieu.js","s":{"1":1,"2":1,"3":1,"4":1,"5":1,"6":1,"7":1,"8":1,"9":6,"10":6,"11":6,"12":6,"13":6,"14":6,"15":6,"16":6,"17":6,"18":1,"19":5,"20":1,"21":4,"22":4,"23":4,"24":4,"25":4,"26":4,"27":4,"28":4,"29":4,"30":4,"31":4,"32":4,"33":4,"34":4,"35":1,"36":45,"37":1,"38":20,"39":1,"40":10,"41":1,"42":45,"43":45,"44":25,"45":20,"46":10,"47":10,"48":10,"49":45,"50":45,"51":45,"52":45,"53":45,"54":45,"55":1,"56":25,"57":25,"58":0,"59":1,"60":10,"61":10,"62":10,"63":0,"64":1,"65":10,"66":10,"67":10,"68":0,"69":1,"70":11,"71":11,"72":11,"73":0,"74":0,"75":11,"76":1,"77":2,"78":2,"79":2,"80":2,"81":2,"82":24,"83":24,"84":0,"85":24,"86":2,"87":2,"88":2,"89":2,"90":18,"91":2,"92":18,"93":2,"94":2,"95":2,"96":1,"97":1,"98":1,"99":1,"100":1,"101":6,"102":0,"103":6,"104":6,"105":12,"106":6,"107":6,"108":6,"109":1,"110":4,"111":4,"112":4,"113":27,"114":4,"115":1,"116":6,"117":6,"118":45,"119":45,"120":45,"121":45,"122":0,"123":0,"124":0,"125":0,"126":0,"127":0,"128":45,"129":45,"130":45,"131":1,"132":6,"133":6,"134":6,"135":0,"136":0,"137":0,"138":6,"139":6,"140":6,"141":30,"142":30,"143":30,"144":6,"145":6,"146":6,"147":6,"148":66,"149":66,"150":6,"151":264,"152":6,"153":1,"154":0,"155":0,"156":0,"157":0,"158":0,"159":1,"160":0,"161":0,"162":0,"163":0,"164":1,"165":6,"166":0,"167":0,"168":6,"169":6,"170":12,"171":7,"172":5,"173":5,"174":5,"175":5,"176":0,"177":6,"178":1,"179":0,"180":0,"181":0,"182":0,"183":0,"184":0,"185":0,"186":0,"187":0,"188":0,"189":0,"190":0,"191":0,"192":0,"193":0,"194":0,"195":0,"196":0,"197":0,"198":0,"199":0,"200":0,"201":0,"202":0,"203":1,"204":5,"205":0,"206":5,"207":0,"208":5,"209":0,"210":5,"211":0,"212":5,"213":0,"214":5,"215":0,"216":0,"217":0,"218":5,"219":1,"220":12,"221":1,"222":5,"223":0,"224":5,"225":1},"b":{"1":[6,6],"2":[6,6],"3":[6,6],"4":[6,6],"5":[6,6],"6":[6,6],"7":[6,6],"8":[6,6],"9":[1,5],"10":[1,4],"11":[5,4],"12":[25,20],"13":[10,10],"14":[10,0],"15":[45,0],"16":[10,1],"17":[1,0],"18":[10,1],"19":[1,0],"20":[0,0],"21":[0,24],"22":[24,24],"23":[0,6],"24":[6,6],"25":[0,0,0,45],"26":[0,6],"27":[0,6],"28":[0,0],"29":[0,0],"30":[6,0],"31":[264,45],"32":[0,0],"33":[0,0],"34":[0,0],"35":[0,0],"36":[0,0],"37":[0,6],"38":[7,5],"39":[0,5],"40":[0,0],"41":[0,0],"42":[0,0,0],"43":[0,0],"44":[0,0],"45":[0,0],"46":[0,0],"47":[0,0],"48":[0,0],"49":[0,5],"50":[0,5],"51":[0,5],"52":[0,5],"53":[0,5],"54":[0,5],"55":[0,0]},"f":{"1":6,"2":45,"3":20,"4":10,"5":45,"6":25,"7":10,"8":10,"9":11,"10":2,"11":24,"12":1,"13":1,"14":6,"15":4,"16":6,"17":45,"18":6,"19":264,"20":0,"21":0,"22":0,"23":0,"24":6,"25":0,"26":0,"27":0,"28":0,"29":0,"30":0,"31":5,"32":12,"33":5,"34":0},"fnMap":{"1":{"name":"Milieu","line":11,"loc":{"start":{"line":11,"column":0},"end":{"line":11,"column":49}}},"2":{"name":"(anonymous_2)","line":46,"loc":{"start":{"line":46,"column":22},"end":{"line":46,"column":36}}},"3":{"name":"(anonymous_3)","line":56,"loc":{"start":{"line":56,"column":21},"end":{"line":56,"column":35}}},"4":{"name":"(anonymous_4)","line":66,"loc":{"start":{"line":66,"column":22},"end":{"line":66,"column":36}}},"5":{"name":"(anonymous_5)","line":76,"loc":{"start":{"line":76,"column":19},"end":{"line":76,"column":33}}},"6":{"name":"(anonymous_6)","line":94,"loc":{"start":{"line":94,"column":23},"end":{"line":94,"column":37}}},"7":{"name":"(anonymous_7)","line":102,"loc":{"start":{"line":102,"column":22},"end":{"line":102,"column":36}}},"8":{"name":"(anonymous_8)","line":111,"loc":{"start":{"line":111,"column":23},"end":{"line":111,"column":37}}},"9":{"name":"(anonymous_9)","line":120,"loc":{"start":{"line":120,"column":18},"end":{"line":120,"column":46}}},"10":{"name":"(anonymous_10)","line":130,"loc":{"start":{"line":130,"column":27},"end":{"line":130,"column":38}}},"11":{"name":"(anonymous_11)","line":136,"loc":{"start":{"line":136,"column":21},"end":{"line":136,"column":40}}},"12":{"name":"(anonymous_12)","line":162,"loc":{"start":{"line":162,"column":37},"end":{"line":162,"column":48}}},"13":{"name":"(anonymous_13)","line":166,"loc":{"start":{"line":166,"column":28},"end":{"line":166,"column":39}}},"14":{"name":"(anonymous_14)","line":170,"loc":{"start":{"line":170,"column":32},"end":{"line":170,"column":43}}},"15":{"name":"(anonymous_15)","line":180,"loc":{"start":{"line":180,"column":40},"end":{"line":180,"column":51}}},"16":{"name":"(anonymous_16)","line":191,"loc":{"start":{"line":191,"column":42},"end":{"line":191,"column":53}}},"17":{"name":"(anonymous_17)","line":193,"loc":{"start":{"line":193,"column":40},"end":{"line":193,"column":61}}},"18":{"name":"(anonymous_18)","line":212,"loc":{"start":{"line":212,"column":39},"end":{"line":212,"column":50}}},"19":{"name":"(anonymous_19)","line":270,"loc":{"start":{"line":270,"column":35},"end":{"line":270,"column":56}}},"20":{"name":"(anonymous_20)","line":277,"loc":{"start":{"line":277,"column":46},"end":{"line":277,"column":68}}},"21":{"name":"(anonymous_21)","line":281,"loc":{"start":{"line":281,"column":11},"end":{"line":281,"column":26}}},"22":{"name":"(anonymous_22)","line":286,"loc":{"start":{"line":286,"column":48},"end":{"line":286,"column":70}}},"23":{"name":"(anonymous_23)","line":290,"loc":{"start":{"line":290,"column":11},"end":{"line":290,"column":26}}},"24":{"name":"(anonymous_24)","line":295,"loc":{"start":{"line":295,"column":31},"end":{"line":295,"column":42}}},"25":{"name":"(anonymous_25)","line":319,"loc":{"start":{"line":319,"column":43},"end":{"line":319,"column":54}}},"26":{"name":"(anonymous_26)","line":322,"loc":{"start":{"line":322,"column":15},"end":{"line":322,"column":39}}},"27":{"name":"(anonymous_27)","line":340,"loc":{"start":{"line":340,"column":15},"end":{"line":340,"column":39}}},"28":{"name":"(anonymous_28)","line":344,"loc":{"start":{"line":344,"column":30},"end":{"line":344,"column":47}}},"29":{"name":"(anonymous_29)","line":348,"loc":{"start":{"line":348,"column":14},"end":{"line":348,"column":31}}},"30":{"name":"(anonymous_30)","line":350,"loc":{"start":{"line":350,"column":11},"end":{"line":350,"column":28}}},"31":{"name":"(anonymous_31)","line":361,"loc":{"start":{"line":361,"column":31},"end":{"line":361,"column":45}}},"32":{"name":"(anonymous_32)","line":379,"loc":{"start":{"line":379,"column":39},"end":{"line":379,"column":53}}},"33":{"name":"(anonymous_33)","line":383,"loc":{"start":{"line":383,"column":40},"end":{"line":383,"column":54}}},"34":{"name":"(anonymous_34)","line":388,"loc":{"start":{"line":388,"column":24},"end":{"line":388,"column":42}}}},"statementMap":{"1":{"start":{"line":2,"column":0},"end":{"line":2,"column":38}},"2":{"start":{"line":3,"column":0},"end":{"line":3,"column":40}},"3":{"start":{"line":4,"column":0},"end":{"line":4,"column":47}},"4":{"start":{"line":5,"column":0},"end":{"line":5,"column":44}},"5":{"start":{"line":6,"column":0},"end":{"line":6,"column":8}},"6":{"start":{"line":7,"column":0},"end":{"line":7,"column":9}},"7":{"start":{"line":8,"column":0},"end":{"line":8,"column":51}},"8":{"start":{"line":11,"column":0},"end":{"line":44,"column":1}},"9":{"start":{"line":12,"column":2},"end":{"line":12,"column":60}},"10":{"start":{"line":13,"column":2},"end":{"line":13,"column":70}},"11":{"start":{"line":14,"column":2},"end":{"line":14,"column":69}},"12":{"start":{"line":15,"column":2},"end":{"line":15,"column":74}},"13":{"start":{"line":16,"column":2},"end":{"line":16,"column":71}},"14":{"start":{"line":17,"column":2},"end":{"line":17,"column":63}},"15":{"start":{"line":18,"column":2},"end":{"line":18,"column":62}},"16":{"start":{"line":19,"column":2},"end":{"line":19,"column":63}},"17":{"start":{"line":21,"column":2},"end":{"line":23,"column":3}},"18":{"start":{"line":22,"column":4},"end":{"line":22,"column":56}},"19":{"start":{"line":24,"column":2},"end":{"line":26,"column":3}},"20":{"start":{"line":25,"column":4},"end":{"line":25,"column":50}},"21":{"start":{"line":28,"column":2},"end":{"line":28,"column":44}},"22":{"start":{"line":29,"column":2},"end":{"line":29,"column":53}},"23":{"start":{"line":30,"column":2},"end":{"line":30,"column":53}},"24":{"start":{"line":31,"column":2},"end":{"line":31,"column":48}},"25":{"start":{"line":32,"column":2},"end":{"line":32,"column":37}},"26":{"start":{"line":33,"column":2},"end":{"line":33,"column":42}},"27":{"start":{"line":34,"column":2},"end":{"line":34,"column":37}},"28":{"start":{"line":35,"column":2},"end":{"line":35,"column":48}},"29":{"start":{"line":36,"column":2},"end":{"line":36,"column":45}},"30":{"start":{"line":37,"column":2},"end":{"line":37,"column":52}},"31":{"start":{"line":39,"column":2},"end":{"line":39,"column":29}},"32":{"start":{"line":41,"column":2},"end":{"line":41,"column":55}},"33":{"start":{"line":42,"column":2},"end":{"line":42,"column":46}},"34":{"start":{"line":43,"column":2},"end":{"line":43,"column":47}},"35":{"start":{"line":46,"column":0},"end":{"line":54,"column":2}},"36":{"start":{"line":47,"column":2},"end":{"line":53,"column":18}},"37":{"start":{"line":56,"column":0},"end":{"line":64,"column":2}},"38":{"start":{"line":57,"column":2},"end":{"line":63,"column":51}},"39":{"start":{"line":66,"column":0},"end":{"line":74,"column":2}},"40":{"start":{"line":67,"column":2},"end":{"line":73,"column":24}},"41":{"start":{"line":76,"column":0},"end":{"line":92,"column":2}},"42":{"start":{"line":77,"column":2},"end":{"line":77,"column":17}},"43":{"start":{"line":78,"column":2},"end":{"line":84,"column":3}},"44":{"start":{"line":79,"column":4},"end":{"line":79,"column":77}},"45":{"start":{"line":80,"column":9},"end":{"line":84,"column":3}},"46":{"start":{"line":81,"column":4},"end":{"line":81,"column":77}},"47":{"start":{"line":82,"column":9},"end":{"line":84,"column":3}},"48":{"start":{"line":83,"column":4},"end":{"line":83,"column":77}},"49":{"start":{"line":86,"column":2},"end":{"line":86,"column":11}},"50":{"start":{"line":87,"column":2},"end":{"line":90,"column":3}},"51":{"start":{"line":88,"column":4},"end":{"line":88,"column":30}},"52":{"start":{"line":89,"column":4},"end":{"line":89,"column":24}},"53":{"start":{"line":89,"column":16},"end":{"line":89,"column":22}},"54":{"start":{"line":91,"column":2},"end":{"line":91,"column":14}},"55":{"start":{"line":94,"column":0},"end":{"line":100,"column":2}},"56":{"start":{"line":95,"column":2},"end":{"line":99,"column":3}},"57":{"start":{"line":96,"column":4},"end":{"line":96,"column":27}},"58":{"start":{"line":98,"column":4},"end":{"line":98,"column":16}},"59":{"start":{"line":102,"column":0},"end":{"line":109,"column":2}},"60":{"start":{"line":103,"column":2},"end":{"line":103,"column":54}},"61":{"start":{"line":104,"column":2},"end":{"line":108,"column":3}},"62":{"start":{"line":105,"column":4},"end":{"line":105,"column":26}},"63":{"start":{"line":107,"column":4},"end":{"line":107,"column":16}},"64":{"start":{"line":111,"column":0},"end":{"line":118,"column":2}},"65":{"start":{"line":112,"column":2},"end":{"line":112,"column":61}},"66":{"start":{"line":113,"column":2},"end":{"line":117,"column":3}},"67":{"start":{"line":114,"column":4},"end":{"line":114,"column":30}},"68":{"start":{"line":116,"column":4},"end":{"line":116,"column":16}},"69":{"start":{"line":120,"column":0},"end":{"line":128,"column":2}},"70":{"start":{"line":121,"column":2},"end":{"line":121,"column":38}},"71":{"start":{"line":122,"column":2},"end":{"line":122,"column":36}},"72":{"start":{"line":123,"column":2},"end":{"line":126,"column":3}},"73":{"start":{"line":124,"column":4},"end":{"line":124,"column":66}},"74":{"start":{"line":125,"column":4},"end":{"line":125,"column":29}},"75":{"start":{"line":127,"column":2},"end":{"line":127,"column":18}},"76":{"start":{"line":130,"column":0},"end":{"line":160,"column":2}},"77":{"start":{"line":131,"column":2},"end":{"line":131,"column":50}},"78":{"start":{"line":132,"column":2},"end":{"line":132,"column":50}},"79":{"start":{"line":133,"column":2},"end":{"line":133,"column":40}},"80":{"start":{"line":134,"column":2},"end":{"line":134,"column":39}},"81":{"start":{"line":136,"column":2},"end":{"line":144,"column":4}},"82":{"start":{"line":137,"column":4},"end":{"line":143,"column":5}},"83":{"start":{"line":138,"column":6},"end":{"line":142,"column":7}},"84":{"start":{"line":139,"column":8},"end":{"line":139,"column":36}},"85":{"start":{"line":141,"column":8},"end":{"line":141,"column":47}},"86":{"start":{"line":146,"column":2},"end":{"line":146,"column":40}},"87":{"start":{"line":147,"column":2},"end":{"line":147,"column":33}},"88":{"start":{"line":148,"column":2},"end":{"line":148,"column":39}},"89":{"start":{"line":149,"column":2},"end":{"line":151,"column":3}},"90":{"start":{"line":150,"column":4},"end":{"line":150,"column":51}},"91":{"start":{"line":153,"column":2},"end":{"line":155,"column":3}},"92":{"start":{"line":154,"column":4},"end":{"line":154,"column":45}},"93":{"start":{"line":156,"column":2},"end":{"line":156,"column":35}},"94":{"start":{"line":157,"column":2},"end":{"line":157,"column":36}},"95":{"start":{"line":159,"column":2},"end":{"line":159,"column":21}},"96":{"start":{"line":162,"column":0},"end":{"line":164,"column":2}},"97":{"start":{"line":163,"column":2},"end":{"line":163,"column":36}},"98":{"start":{"line":166,"column":0},"end":{"line":168,"column":2}},"99":{"start":{"line":167,"column":2},"end":{"line":167,"column":37}},"100":{"start":{"line":170,"column":0},"end":{"line":178,"column":2}},"101":{"start":{"line":171,"column":2},"end":{"line":171,"column":68}},"102":{"start":{"line":171,"column":26},"end":{"line":171,"column":66}},"103":{"start":{"line":172,"column":2},"end":{"line":172,"column":20}},"104":{"start":{"line":173,"column":2},"end":{"line":176,"column":3}},"105":{"start":{"line":174,"column":4},"end":{"line":174,"column":35}},"106":{"start":{"line":174,"column":24},"end":{"line":174,"column":33}},"107":{"start":{"line":175,"column":4},"end":{"line":175,"column":63}},"108":{"start":{"line":177,"column":2},"end":{"line":177,"column":18}},"109":{"start":{"line":180,"column":0},"end":{"line":189,"column":2}},"110":{"start":{"line":181,"column":2},"end":{"line":181,"column":22}},"111":{"start":{"line":182,"column":2},"end":{"line":182,"column":49}},"112":{"start":{"line":184,"column":2},"end":{"line":186,"column":3}},"113":{"start":{"line":185,"column":4},"end":{"line":185,"column":44}},"114":{"start":{"line":188,"column":2},"end":{"line":188,"column":20}},"115":{"start":{"line":191,"column":0},"end":{"line":210,"column":2}},"116":{"start":{"line":192,"column":2},"end":{"line":192,"column":19}},"117":{"start":{"line":193,"column":2},"end":{"line":209,"column":5}},"118":{"start":{"line":194,"column":4},"end":{"line":194,"column":50}},"119":{"start":{"line":195,"column":4},"end":{"line":195,"column":33}},"120":{"start":{"line":196,"column":4},"end":{"line":196,"column":13}},"121":{"start":{"line":198,"column":4},"end":{"line":203,"column":5}},"122":{"start":{"line":199,"column":19},"end":{"line":199,"column":63}},"123":{"start":{"line":199,"column":64},"end":{"line":199,"column":70}},"124":{"start":{"line":200,"column":19},"end":{"line":200,"column":62}},"125":{"start":{"line":200,"column":64},"end":{"line":200,"column":70}},"126":{"start":{"line":201,"column":19},"end":{"line":201,"column":63}},"127":{"start":{"line":201,"column":64},"end":{"line":201,"column":70}},"128":{"start":{"line":202,"column":19},"end":{"line":202,"column":59}},"129":{"start":{"line":202,"column":64},"end":{"line":202,"column":70}},"130":{"start":{"line":205,"column":4},"end":{"line":208,"column":6}},"131":{"start":{"line":212,"column":0},"end":{"line":275,"column":2}},"132":{"start":{"line":213,"column":2},"end":{"line":213,"column":43}},"133":{"start":{"line":214,"column":2},"end":{"line":214,"column":58}},"134":{"start":{"line":216,"column":2},"end":{"line":224,"column":3}},"135":{"start":{"line":217,"column":4},"end":{"line":222,"column":5}},"136":{"start":{"line":221,"column":6},"end":{"line":221,"column":64}},"137":{"start":{"line":223,"column":4},"end":{"line":223,"column":34}},"138":{"start":{"line":226,"column":2},"end":{"line":226,"column":23}},"139":{"start":{"line":227,"column":2},"end":{"line":227,"column":56}},"140":{"start":{"line":228,"column":2},"end":{"line":238,"column":3}},"141":{"start":{"line":229,"column":4},"end":{"line":229,"column":48}},"142":{"start":{"line":236,"column":4},"end":{"line":236,"column":88}},"143":{"start":{"line":237,"column":4},"end":{"line":237,"column":24}},"144":{"start":{"line":240,"column":2},"end":{"line":247,"column":3}},"145":{"start":{"line":241,"column":4},"end":{"line":246,"column":6}},"146":{"start":{"line":249,"column":2},"end":{"line":258,"column":4}},"147":{"start":{"line":260,"column":2},"end":{"line":268,"column":3}},"148":{"start":{"line":261,"column":4},"end":{"line":261,"column":41}},"149":{"start":{"line":262,"column":4},"end":{"line":267,"column":6}},"150":{"start":{"line":270,"column":2},"end":{"line":272,"column":5}},"151":{"start":{"line":271,"column":4},"end":{"line":271,"column":73}},"152":{"start":{"line":274,"column":2},"end":{"line":274,"column":21}},"153":{"start":{"line":277,"column":0},"end":{"line":284,"column":2}},"154":{"start":{"line":278,"column":2},"end":{"line":278,"column":78}},"155":{"start":{"line":279,"column":2},"end":{"line":279,"column":28}},"156":{"start":{"line":279,"column":19},"end":{"line":279,"column":26}},"157":{"start":{"line":280,"column":2},"end":{"line":283,"column":5}},"158":{"start":{"line":282,"column":4},"end":{"line":282,"column":61}},"159":{"start":{"line":286,"column":0},"end":{"line":293,"column":2}},"160":{"start":{"line":287,"column":2},"end":{"line":287,"column":44}},"161":{"start":{"line":287,"column":35},"end":{"line":287,"column":42}},"162":{"start":{"line":289,"column":2},"end":{"line":292,"column":5}},"163":{"start":{"line":291,"column":4},"end":{"line":291,"column":61}},"164":{"start":{"line":295,"column":0},"end":{"line":317,"column":2}},"165":{"start":{"line":296,"column":2},"end":{"line":301,"column":3}},"166":{"start":{"line":299,"column":4},"end":{"line":299,"column":96}},"167":{"start":{"line":300,"column":4},"end":{"line":300,"column":42}},"168":{"start":{"line":303,"column":2},"end":{"line":303,"column":16}},"169":{"start":{"line":304,"column":2},"end":{"line":314,"column":3}},"170":{"start":{"line":305,"column":4},"end":{"line":305,"column":53}},"171":{"start":{"line":305,"column":42},"end":{"line":305,"column":51}},"172":{"start":{"line":307,"column":4},"end":{"line":307,"column":46}},"173":{"start":{"line":308,"column":4},"end":{"line":308,"column":47}},"174":{"start":{"line":309,"column":4},"end":{"line":309,"column":47}},"175":{"start":{"line":311,"column":4},"end":{"line":313,"column":5}},"176":{"start":{"line":312,"column":6},"end":{"line":312,"column":27}},"177":{"start":{"line":316,"column":2},"end":{"line":316,"column":14}},"178":{"start":{"line":319,"column":0},"end":{"line":359,"column":2}},"179":{"start":{"line":320,"column":2},"end":{"line":320,"column":19}},"180":{"start":{"line":322,"column":2},"end":{"line":338,"column":3}},"181":{"start":{"line":323,"column":4},"end":{"line":337,"column":5}},"182":{"start":{"line":324,"column":6},"end":{"line":324,"column":52}},"183":{"start":{"line":325,"column":6},"end":{"line":336,"column":7}},"184":{"start":{"line":326,"column":8},"end":{"line":326,"column":35}},"185":{"start":{"line":327,"column":13},"end":{"line":336,"column":7}},"186":{"start":{"line":328,"column":8},"end":{"line":328,"column":30}},"187":{"start":{"line":330,"column":8},"end":{"line":335,"column":9}},"188":{"start":{"line":331,"column":10},"end":{"line":331,"column":38}},"189":{"start":{"line":332,"column":10},"end":{"line":334,"column":11}},"190":{"start":{"line":333,"column":12},"end":{"line":333,"column":33}},"191":{"start":{"line":340,"column":2},"end":{"line":356,"column":3}},"192":{"start":{"line":341,"column":4},"end":{"line":341,"column":61}},"193":{"start":{"line":343,"column":4},"end":{"line":343,"column":19}},"194":{"start":{"line":344,"column":4},"end":{"line":355,"column":7}},"195":{"start":{"line":345,"column":6},"end":{"line":345,"column":38}},"196":{"start":{"line":346,"column":6},"end":{"line":346,"column":42}},"197":{"start":{"line":347,"column":6},"end":{"line":347,"column":43}},"198":{"start":{"line":349,"column":6},"end":{"line":349,"column":35}},"199":{"start":{"line":351,"column":6},"end":{"line":351,"column":66}},"200":{"start":{"line":352,"column":6},"end":{"line":354,"column":7}},"201":{"start":{"line":353,"column":8},"end":{"line":353,"column":29}},"202":{"start":{"line":358,"column":2},"end":{"line":358,"column":26}},"203":{"start":{"line":361,"column":0},"end":{"line":377,"column":2}},"204":{"start":{"line":362,"column":2},"end":{"line":362,"column":40}},"205":{"start":{"line":362,"column":27},"end":{"line":362,"column":38}},"206":{"start":{"line":364,"column":2},"end":{"line":364,"column":39}},"207":{"start":{"line":364,"column":25},"end":{"line":364,"column":37}},"208":{"start":{"line":365,"column":2},"end":{"line":365,"column":39}},"209":{"start":{"line":365,"column":25},"end":{"line":365,"column":37}},"210":{"start":{"line":366,"column":2},"end":{"line":366,"column":40}},"211":{"start":{"line":366,"column":25},"end":{"line":366,"column":38}},"212":{"start":{"line":367,"column":2},"end":{"line":367,"column":38}},"213":{"start":{"line":367,"column":25},"end":{"line":367,"column":36}},"214":{"start":{"line":369,"column":2},"end":{"line":374,"column":3}},"215":{"start":{"line":370,"column":4},"end":{"line":370,"column":30}},"216":{"start":{"line":371,"column":4},"end":{"line":373,"column":5}},"217":{"start":{"line":372,"column":6},"end":{"line":372,"column":17}},"218":{"start":{"line":376,"column":2},"end":{"line":376,"column":13}},"219":{"start":{"line":379,"column":0},"end":{"line":381,"column":2}},"220":{"start":{"line":380,"column":2},"end":{"line":380,"column":104}},"221":{"start":{"line":383,"column":0},"end":{"line":392,"column":2}},"222":{"start":{"line":384,"column":2},"end":{"line":390,"column":6}},"223":{"start":{"line":389,"column":6},"end":{"line":389,"column":32}},"224":{"start":{"line":391,"column":2},"end":{"line":391,"column":13}},"225":{"start":{"line":395,"column":0},"end":{"line":395,"column":24}}},"branchMap":{"1":{"line":12,"type":"binary-expr","locations":[{"start":{"line":12,"column":2},"end":{"line":12,"column":6}},{"start":{"line":12,"column":30},"end":{"line":12,"column":58}}]},"2":{"line":13,"type":"binary-expr","locations":[{"start":{"line":13,"column":2},"end":{"line":13,"column":11}},{"start":{"line":13,"column":30},"end":{"line":13,"column":68}}]},"3":{"line":14,"type":"binary-expr","locations":[{"start":{"line":14,"column":2},"end":{"line":14,"column":10}},{"start":{"line":14,"column":30},"end":{"line":14,"column":67}}]},"4":{"line":15,"type":"binary-expr","locations":[{"start":{"line":15,"column":2},"end":{"line":15,"column":15}},{"start":{"line":15,"column":30},"end":{"line":15,"column":72}}]},"5":{"line":16,"type":"binary-expr","locations":[{"start":{"line":16,"column":2},"end":{"line":16,"column":10}},{"start":{"line":16,"column":30},"end":{"line":16,"column":69}}]},"6":{"line":17,"type":"binary-expr","locations":[{"start":{"line":17,"column":2},"end":{"line":17,"column":21}},{"start":{"line":17,"column":30},"end":{"line":17,"column":61}}]},"7":{"line":18,"type":"binary-expr","locations":[{"start":{"line":18,"column":2},"end":{"line":18,"column":18}},{"start":{"line":18,"column":30},"end":{"line":18,"column":60}}]},"8":{"line":19,"type":"binary-expr","locations":[{"start":{"line":19,"column":2},"end":{"line":19,"column":25}},{"start":{"line":19,"column":30},"end":{"line":19,"column":61}}]},"9":{"line":21,"type":"if","locations":[{"start":{"line":21,"column":2},"end":{"line":21,"column":2}},{"start":{"line":21,"column":2},"end":{"line":21,"column":2}}]},"10":{"line":24,"type":"if","locations":[{"start":{"line":24,"column":2},"end":{"line":24,"column":2}},{"start":{"line":24,"column":2},"end":{"line":24,"column":2}}]},"11":{"line":24,"type":"binary-expr","locations":[{"start":{"line":24,"column":6},"end":{"line":24,"column":15}},{"start":{"line":24,"column":19},"end":{"line":24,"column":47}}]},"12":{"line":78,"type":"if","locations":[{"start":{"line":78,"column":2},"end":{"line":78,"column":2}},{"start":{"line":78,"column":2},"end":{"line":78,"column":2}}]},"13":{"line":80,"type":"if","locations":[{"start":{"line":80,"column":9},"end":{"line":80,"column":9}},{"start":{"line":80,"column":9},"end":{"line":80,"column":9}}]},"14":{"line":82,"type":"if","locations":[{"start":{"line":82,"column":9},"end":{"line":82,"column":9}},{"start":{"line":82,"column":9},"end":{"line":82,"column":9}}]},"15":{"line":89,"type":"if","locations":[{"start":{"line":89,"column":4},"end":{"line":89,"column":4}},{"start":{"line":89,"column":4},"end":{"line":89,"column":4}}]},"16":{"line":103,"type":"binary-expr","locations":[{"start":{"line":103,"column":2},"end":{"line":103,"column":5}},{"start":{"line":103,"column":10},"end":{"line":103,"column":52}}]},"17":{"line":103,"type":"binary-expr","locations":[{"start":{"line":103,"column":16},"end":{"line":103,"column":34}},{"start":{"line":103,"column":38},"end":{"line":103,"column":52}}]},"18":{"line":112,"type":"binary-expr","locations":[{"start":{"line":112,"column":2},"end":{"line":112,"column":6}},{"start":{"line":112,"column":11},"end":{"line":112,"column":59}}]},"19":{"line":112,"type":"binary-expr","locations":[{"start":{"line":112,"column":18},"end":{"line":112,"column":37}},{"start":{"line":112,"column":41},"end":{"line":112,"column":59}}]},"20":{"line":124,"type":"binary-expr","locations":[{"start":{"line":124,"column":4},"end":{"line":124,"column":36}},{"start":{"line":124,"column":41},"end":{"line":124,"column":64}}]},"21":{"line":138,"type":"if","locations":[{"start":{"line":138,"column":6},"end":{"line":138,"column":6}},{"start":{"line":138,"column":6},"end":{"line":138,"column":6}}]},"22":{"line":138,"type":"binary-expr","locations":[{"start":{"line":138,"column":10},"end":{"line":138,"column":18}},{"start":{"line":138,"column":22},"end":{"line":138,"column":50}}]},"23":{"line":171,"type":"if","locations":[{"start":{"line":171,"column":2},"end":{"line":171,"column":2}},{"start":{"line":171,"column":2},"end":{"line":171,"column":2}}]},"24":{"line":174,"type":"if","locations":[{"start":{"line":174,"column":4},"end":{"line":174,"column":4}},{"start":{"line":174,"column":4},"end":{"line":174,"column":4}}]},"25":{"line":198,"type":"switch","locations":[{"start":{"line":199,"column":6},"end":{"line":199,"column":70}},{"start":{"line":200,"column":6},"end":{"line":200,"column":70}},{"start":{"line":201,"column":6},"end":{"line":201,"column":70}},{"start":{"line":202,"column":6},"end":{"line":202,"column":70}}]},"26":{"line":214,"type":"cond-expr","locations":[{"start":{"line":214,"column":34},"end":{"line":214,"column":47}},{"start":{"line":214,"column":50},"end":{"line":214,"column":56}}]},"27":{"line":216,"type":"if","locations":[{"start":{"line":216,"column":2},"end":{"line":216,"column":2}},{"start":{"line":216,"column":2},"end":{"line":216,"column":2}}]},"28":{"line":217,"type":"if","locations":[{"start":{"line":217,"column":4},"end":{"line":217,"column":4}},{"start":{"line":217,"column":4},"end":{"line":217,"column":4}}]},"29":{"line":218,"type":"binary-expr","locations":[{"start":{"line":218,"column":6},"end":{"line":218,"column":41}},{"start":{"line":219,"column":6},"end":{"line":219,"column":48}}]},"30":{"line":240,"type":"if","locations":[{"start":{"line":240,"column":2},"end":{"line":240,"column":2}},{"start":{"line":240,"column":2},"end":{"line":240,"column":2}}]},"31":{"line":271,"type":"binary-expr","locations":[{"start":{"line":271,"column":11},"end":{"line":271,"column":36}},{"start":{"line":271,"column":40},"end":{"line":271,"column":72}}]},"32":{"line":278,"type":"cond-expr","locations":[{"start":{"line":278,"column":54},"end":{"line":278,"column":67}},{"start":{"line":278,"column":70},"end":{"line":278,"column":76}}]},"33":{"line":279,"type":"if","locations":[{"start":{"line":279,"column":2},"end":{"line":279,"column":2}},{"start":{"line":279,"column":2},"end":{"line":279,"column":2}}]},"34":{"line":282,"type":"binary-expr","locations":[{"start":{"line":282,"column":11},"end":{"line":282,"column":30}},{"start":{"line":282,"column":34},"end":{"line":282,"column":61}}]},"35":{"line":287,"type":"if","locations":[{"start":{"line":287,"column":2},"end":{"line":287,"column":2}},{"start":{"line":287,"column":2},"end":{"line":287,"column":2}}]},"36":{"line":291,"type":"binary-expr","locations":[{"start":{"line":291,"column":11},"end":{"line":291,"column":30}},{"start":{"line":291,"column":34},"end":{"line":291,"column":61}}]},"37":{"line":296,"type":"if","locations":[{"start":{"line":296,"column":2},"end":{"line":296,"column":2}},{"start":{"line":296,"column":2},"end":{"line":296,"column":2}}]},"38":{"line":305,"type":"if","locations":[{"start":{"line":305,"column":4},"end":{"line":305,"column":4}},{"start":{"line":305,"column":4},"end":{"line":305,"column":4}}]},"39":{"line":311,"type":"if","locations":[{"start":{"line":311,"column":4},"end":{"line":311,"column":4}},{"start":{"line":311,"column":4},"end":{"line":311,"column":4}}]},"40":{"line":324,"type":"cond-expr","locations":[{"start":{"line":324,"column":25},"end":{"line":324,"column":45}},{"start":{"line":324,"column":48},"end":{"line":324,"column":51}}]},"41":{"line":325,"type":"if","locations":[{"start":{"line":325,"column":6},"end":{"line":325,"column":6}},{"start":{"line":325,"column":6},"end":{"line":325,"column":6}}]},"42":{"line":325,"type":"binary-expr","locations":[{"start":{"line":325,"column":10},"end":{"line":325,"column":18}},{"start":{"line":325,"column":22},"end":{"line":325,"column":50}},{"start":{"line":325,"column":54},"end":{"line":325,"column":89}}]},"43":{"line":327,"type":"if","locations":[{"start":{"line":327,"column":13},"end":{"line":327,"column":13}},{"start":{"line":327,"column":13},"end":{"line":327,"column":13}}]},"44":{"line":327,"type":"binary-expr","locations":[{"start":{"line":327,"column":17},"end":{"line":327,"column":25}},{"start":{"line":327,"column":29},"end":{"line":327,"column":57}}]},"45":{"line":330,"type":"if","locations":[{"start":{"line":330,"column":8},"end":{"line":330,"column":8}},{"start":{"line":330,"column":8},"end":{"line":330,"column":8}}]},"46":{"line":332,"type":"if","locations":[{"start":{"line":332,"column":10},"end":{"line":332,"column":10}},{"start":{"line":332,"column":10},"end":{"line":332,"column":10}}]},"47":{"line":346,"type":"cond-expr","locations":[{"start":{"line":346,"column":26},"end":{"line":346,"column":34}},{"start":{"line":346,"column":37},"end":{"line":346,"column":41}}]},"48":{"line":352,"type":"if","locations":[{"start":{"line":352,"column":6},"end":{"line":352,"column":6}},{"start":{"line":352,"column":6},"end":{"line":352,"column":6}}]},"49":{"line":362,"type":"if","locations":[{"start":{"line":362,"column":2},"end":{"line":362,"column":2}},{"start":{"line":362,"column":2},"end":{"line":362,"column":2}}]},"50":{"line":364,"type":"if","locations":[{"start":{"line":364,"column":2},"end":{"line":364,"column":2}},{"start":{"line":364,"column":2},"end":{"line":364,"column":2}}]},"51":{"line":365,"type":"if","locations":[{"start":{"line":365,"column":2},"end":{"line":365,"column":2}},{"start":{"line":365,"column":2},"end":{"line":365,"column":2}}]},"52":{"line":366,"type":"if","locations":[{"start":{"line":366,"column":2},"end":{"line":366,"column":2}},{"start":{"line":366,"column":2},"end":{"line":366,"column":2}}]},"53":{"line":367,"type":"if","locations":[{"start":{"line":367,"column":2},"end":{"line":367,"column":2}},{"start":{"line":367,"column":2},"end":{"line":367,"column":2}}]},"54":{"line":369,"type":"if","locations":[{"start":{"line":369,"column":2},"end":{"line":369,"column":2}},{"start":{"line":369,"column":2},"end":{"line":369,"column":2}}]},"55":{"line":371,"type":"if","locations":[{"start":{"line":371,"column":4},"end":{"line":371,"column":4}},{"start":{"line":371,"column":4},"end":{"line":371,"column":4}}]}}},"/Users/rhurst/Developer/x2/node_milieu/lib/explain-table.js":{"path":"/Users/rhurst/Developer/x2/node_milieu/lib/explain-table.js","s":{"1":1,"2":1,"3":1,"4":1,"5":1,"6":1,"7":1,"8":12,"9":12,"10":12,"11":1,"12":1,"13":1,"14":1,"15":1,"16":1,"17":9,"18":9,"19":12,"20":12,"21":12,"22":1,"23":1,"24":1,"25":1,"26":12,"27":12,"28":0,"29":12,"30":1,"31":1},"b":{"1":[1,1,1,9],"2":[0,12],"3":[0,12],"4":[12,12,12,12]},"f":{"1":1,"2":1},"fnMap":{"1":{"name":"explainTable","line":7,"loc":{"start":{"line":7,"column":0},"end":{"line":7,"column":35}}},"2":{"name":"flattenExplanation","line":37,"loc":{"start":{"line":37,"column":0},"end":{"line":37,"column":51}}}},"statementMap":{"1":{"start":{"line":2,"column":0},"end":{"line":2,"column":23}},"2":{"start":{"line":3,"column":0},"end":{"line":3,"column":29}},"3":{"start":{"line":4,"column":0},"end":{"line":4,"column":34}},"4":{"start":{"line":7,"column":0},"end":{"line":35,"column":1}},"5":{"start":{"line":8,"column":2},"end":{"line":8,"column":69}},"6":{"start":{"line":10,"column":2},"end":{"line":13,"column":5}},"7":{"start":{"line":15,"column":2},"end":{"line":31,"column":3}},"8":{"start":{"line":16,"column":4},"end":{"line":16,"column":55}},"9":{"start":{"line":17,"column":4},"end":{"line":17,"column":14}},"10":{"start":{"line":18,"column":4},"end":{"line":23,"column":5}},"11":{"start":{"line":19,"column":26},"end":{"line":19,"column":43}},"12":{"start":{"line":19,"column":44},"end":{"line":19,"column":50}},"13":{"start":{"line":20,"column":26},"end":{"line":20,"column":42}},"14":{"start":{"line":20,"column":43},"end":{"line":20,"column":49}},"15":{"start":{"line":21,"column":26},"end":{"line":21,"column":41}},"16":{"start":{"line":21,"column":42},"end":{"line":21,"column":48}},"17":{"start":{"line":22,"column":26},"end":{"line":22,"column":41}},"18":{"start":{"line":22,"column":42},"end":{"line":22,"column":48}},"19":{"start":{"line":25,"column":4},"end":{"line":25,"column":17}},"20":{"start":{"line":26,"column":4},"end":{"line":29,"column":6}},"21":{"start":{"line":30,"column":4},"end":{"line":30,"column":20}},"22":{"start":{"line":33,"column":2},"end":{"line":33,"column":73}},"23":{"start":{"line":34,"column":2},"end":{"line":34,"column":32}},"24":{"start":{"line":37,"column":0},"end":{"line":47,"column":1}},"25":{"start":{"line":38,"column":2},"end":{"line":45,"column":3}},"26":{"start":{"line":39,"column":4},"end":{"line":39,"column":60}},"27":{"start":{"line":40,"column":4},"end":{"line":44,"column":5}},"28":{"start":{"line":41,"column":6},"end":{"line":41,"column":56}},"29":{"start":{"line":43,"column":6},"end":{"line":43,"column":29}},"30":{"start":{"line":46,"column":2},"end":{"line":46,"column":16}},"31":{"start":{"line":49,"column":0},"end":{"line":49,"column":30}}},"branchMap":{"1":{"line":18,"type":"switch","locations":[{"start":{"line":19,"column":6},"end":{"line":19,"column":50}},{"start":{"line":20,"column":6},"end":{"line":20,"column":49}},{"start":{"line":21,"column":6},"end":{"line":21,"column":48}},{"start":{"line":22,"column":6},"end":{"line":22,"column":48}}]},"2":{"line":39,"type":"cond-expr","locations":[{"start":{"line":39,"column":33},"end":{"line":39,"column":53}},{"start":{"line":39,"column":56},"end":{"line":39,"column":59}}]},"3":{"line":40,"type":"if","locations":[{"start":{"line":40,"column":4},"end":{"line":40,"column":4}},{"start":{"line":40,"column":4},"end":{"line":40,"column":4}}]},"4":{"line":40,"type":"binary-expr","locations":[{"start":{"line":40,"column":8},"end":{"line":40,"column":16}},{"start":{"line":40,"column":20},"end":{"line":40,"column":48}},{"start":{"line":40,"column":53},"end":{"line":40,"column":66}},{"start":{"line":40,"column":70},"end":{"line":40,"column":83}}]}}}}