TN:
SF:/Users/rhurst/Developer/x2/node_milieu/lib/milieu.js
FN:11,Milieu
FN:46,(anonymous_2)
FN:56,(anonymous_3)
FN:66,(anonymous_4)
FN:76,(anonymous_5)
FN:94,(anonymous_6)
FN:102,(anonymous_7)
FN:111,(anonymous_8)
FN:120,(anonymous_9)
FN:130,(anonymous_10)
FN:136,(anonymous_11)
FN:162,(anonymous_12)
FN:166,(anonymous_13)
FN:170,(anonymous_14)
FN:180,(anonymous_15)
FN:191,(anonymous_16)
FN:193,(anonymous_17)
FN:212,(anonymous_18)
FN:270,(anonymous_19)
FN:277,(anonymous_20)
FN:281,(anonymous_21)
FN:286,(anonymous_22)
FN:290,(anonymous_23)
FN:295,(anonymous_24)
FN:319,(anonymous_25)
FN:322,(anonymous_26)
FN:340,(anonymous_27)
FN:344,(anonymous_28)
FN:348,(anonymous_29)
FN:350,(anonymous_30)
FN:361,(anonymous_31)
FN:379,(anonymous_32)
FN:383,(anonymous_33)
FN:388,(anonymous_34)
FNF:34
FNH:23
FNDA:6,Milieu
FNDA:45,(anonymous_2)
FNDA:20,(anonymous_3)
FNDA:10,(anonymous_4)
FNDA:45,(anonymous_5)
FNDA:25,(anonymous_6)
FNDA:10,(anonymous_7)
FNDA:10,(anonymous_8)
FNDA:11,(anonymous_9)
FNDA:2,(anonymous_10)
FNDA:24,(anonymous_11)
FNDA:1,(anonymous_12)
FNDA:1,(anonymous_13)
FNDA:6,(anonymous_14)
FNDA:4,(anonymous_15)
FNDA:6,(anonymous_16)
FNDA:45,(anonymous_17)
FNDA:6,(anonymous_18)
FNDA:264,(anonymous_19)
FNDA:0,(anonymous_20)
FNDA:0,(anonymous_21)
FNDA:0,(anonymous_22)
FNDA:0,(anonymous_23)
FNDA:6,(anonymous_24)
FNDA:0,(anonymous_25)
FNDA:0,(anonymous_26)
FNDA:0,(anonymous_27)
FNDA:0,(anonymous_28)
FNDA:0,(anonymous_29)
FNDA:0,(anonymous_30)
FNDA:5,(anonymous_31)
FNDA:12,(anonymous_32)
FNDA:5,(anonymous_33)
FNDA:0,(anonymous_34)
DA:2,1
DA:3,1
DA:4,1
DA:5,1
DA:6,1
DA:7,1
DA:8,1
DA:11,1
DA:12,6
DA:13,6
DA:14,6
DA:15,6
DA:16,6
DA:17,6
DA:18,6
DA:19,6
DA:21,6
DA:22,1
DA:24,5
DA:25,1
DA:28,4
DA:29,4
DA:30,4
DA:31,4
DA:32,4
DA:33,4
DA:34,4
DA:35,4
DA:36,4
DA:37,4
DA:39,4
DA:41,4
DA:42,4
DA:43,4
DA:46,1
DA:47,45
DA:56,1
DA:57,20
DA:66,1
DA:67,10
DA:76,1
DA:77,45
DA:78,45
DA:79,25
DA:80,20
DA:81,10
DA:82,10
DA:83,10
DA:86,45
DA:87,45
DA:88,45
DA:89,45
DA:91,45
DA:94,1
DA:95,25
DA:96,25
DA:98,0
DA:102,1
DA:103,10
DA:104,10
DA:105,10
DA:107,0
DA:111,1
DA:112,10
DA:113,10
DA:114,10
DA:116,0
DA:120,1
DA:121,11
DA:122,11
DA:123,11
DA:124,0
DA:125,0
DA:127,11
DA:130,1
DA:131,2
DA:132,2
DA:133,2
DA:134,2
DA:136,2
DA:137,24
DA:138,24
DA:139,0
DA:141,24
DA:146,2
DA:147,2
DA:148,2
DA:149,2
DA:150,18
DA:153,2
DA:154,18
DA:156,2
DA:157,2
DA:159,2
DA:162,1
DA:163,1
DA:166,1
DA:167,1
DA:170,1
DA:171,6
DA:172,6
DA:173,6
DA:174,12
DA:175,6
DA:177,6
DA:180,1
DA:181,4
DA:182,4
DA:184,4
DA:185,27
DA:188,4
DA:191,1
DA:192,6
DA:193,6
DA:194,45
DA:195,45
DA:196,45
DA:198,45
DA:199,0
DA:200,0
DA:201,0
DA:202,45
DA:205,45
DA:212,1
DA:213,6
DA:214,6
DA:216,6
DA:217,0
DA:221,0
DA:223,0
DA:226,6
DA:227,6
DA:228,6
DA:229,30
DA:236,30
DA:237,30
DA:240,6
DA:241,6
DA:249,6
DA:260,6
DA:261,66
DA:262,66
DA:270,6
DA:271,264
DA:274,6
DA:277,1
DA:278,0
DA:279,0
DA:280,0
DA:282,0
DA:286,1
DA:287,0
DA:289,0
DA:291,0
DA:295,1
DA:296,6
DA:299,0
DA:300,0
DA:303,6
DA:304,6
DA:305,12
DA:307,5
DA:308,5
DA:309,5
DA:311,5
DA:312,0
DA:316,6
DA:319,1
DA:320,0
DA:322,0
DA:323,0
DA:324,0
DA:325,0
DA:326,0
DA:327,0
DA:328,0
DA:330,0
DA:331,0
DA:332,0
DA:333,0
DA:340,0
DA:341,0
DA:343,0
DA:344,0
DA:345,0
DA:346,0
DA:347,0
DA:349,0
DA:351,0
DA:352,0
DA:353,0
DA:358,0
DA:361,1
DA:362,5
DA:364,5
DA:365,5
DA:366,5
DA:367,5
DA:369,5
DA:370,0
DA:371,0
DA:372,0
DA:376,5
DA:379,1
DA:380,12
DA:383,1
DA:384,5
DA:389,0
DA:391,5
DA:395,1
LF:210
LH:160
BRDA:12,1,0,6
BRDA:12,1,1,6
BRDA:13,2,0,6
BRDA:13,2,1,6
BRDA:14,3,0,6
BRDA:14,3,1,6
BRDA:15,4,0,6
BRDA:15,4,1,6
BRDA:16,5,0,6
BRDA:16,5,1,6
BRDA:17,6,0,6
BRDA:17,6,1,6
BRDA:18,7,0,6
BRDA:18,7,1,6
BRDA:19,8,0,6
BRDA:19,8,1,6
BRDA:21,9,0,1
BRDA:21,9,1,5
BRDA:24,10,0,1
BRDA:24,10,1,4
BRDA:24,11,0,5
BRDA:24,11,1,4
BRDA:78,12,0,25
BRDA:78,12,1,20
BRDA:80,13,0,10
BRDA:80,13,1,10
BRDA:82,14,0,10
BRDA:82,14,1,0
BRDA:89,15,0,45
BRDA:89,15,1,0
BRDA:103,16,0,10
BRDA:103,16,1,1
BRDA:103,17,0,1
BRDA:103,17,1,0
BRDA:112,18,0,10
BRDA:112,18,1,1
BRDA:112,19,0,1
BRDA:112,19,1,0
BRDA:124,20,0,0
BRDA:124,20,1,0
BRDA:138,21,0,0
BRDA:138,21,1,24
BRDA:138,22,0,24
BRDA:138,22,1,24
BRDA:171,23,0,0
BRDA:171,23,1,6
BRDA:174,24,0,6
BRDA:174,24,1,6
BRDA:198,25,0,0
BRDA:198,25,1,0
BRDA:198,25,2,0
BRDA:198,25,3,45
BRDA:214,26,0,0
BRDA:214,26,1,6
BRDA:216,27,0,0
BRDA:216,27,1,6
BRDA:217,28,0,0
BRDA:217,28,1,0
BRDA:218,29,0,0
BRDA:218,29,1,0
BRDA:240,30,0,6
BRDA:240,30,1,0
BRDA:271,31,0,264
BRDA:271,31,1,45
BRDA:278,32,0,0
BRDA:278,32,1,0
BRDA:279,33,0,0
BRDA:279,33,1,0
BRDA:282,34,0,0
BRDA:282,34,1,0
BRDA:287,35,0,0
BRDA:287,35,1,0
BRDA:291,36,0,0
BRDA:291,36,1,0
BRDA:296,37,0,0
BRDA:296,37,1,6
BRDA:305,38,0,7
BRDA:305,38,1,5
BRDA:311,39,0,0
BRDA:311,39,1,5
BRDA:324,40,0,0
BRDA:324,40,1,0
BRDA:325,41,0,0
BRDA:325,41,1,0
BRDA:325,42,0,0
BRDA:325,42,1,0
BRDA:325,42,2,0
BRDA:327,43,0,0
BRDA:327,43,1,0
BRDA:327,44,0,0
BRDA:327,44,1,0
BRDA:330,45,0,0
BRDA:330,45,1,0
BRDA:332,46,0,0
BRDA:332,46,1,0
BRDA:346,47,0,0
BRDA:346,47,1,0
BRDA:352,48,0,0
BRDA:352,48,1,0
BRDA:362,49,0,0
BRDA:362,49,1,5
BRDA:364,50,0,0
BRDA:364,50,1,5
BRDA:365,51,0,0
BRDA:365,51,1,5
BRDA:366,52,0,0
BRDA:366,52,1,5
BRDA:367,53,0,0
BRDA:367,53,1,5
BRDA:369,54,0,0
BRDA:369,54,1,5
BRDA:371,55,0,0
BRDA:371,55,1,0
BRF:113
BRH:56
end_of_record
TN:
SF:/Users/rhurst/Developer/x2/node_milieu/lib/explain-table.js
FN:7,explainTable
FN:37,flattenExplanation
FNF:2
FNH:2
FNDA:1,explainTable
FNDA:1,flattenExplanation
DA:2,1
DA:3,1
DA:4,1
DA:7,1
DA:8,1
DA:10,1
DA:15,1
DA:16,12
DA:17,12
DA:18,12
DA:19,1
DA:20,1
DA:21,1
DA:22,9
DA:25,12
DA:26,12
DA:30,12
DA:33,1
DA:34,1
DA:37,1
DA:38,1
DA:39,12
DA:40,12
DA:41,0
DA:43,12
DA:46,1
DA:49,1
LF:27
LH:26
BRDA:18,1,0,1
BRDA:18,1,1,1
BRDA:18,1,2,1
BRDA:18,1,3,9
BRDA:39,2,0,0
BRDA:39,2,1,12
BRDA:40,3,0,0
BRDA:40,3,1,12
BRDA:40,4,0,12
BRDA:40,4,1,12
BRDA:40,4,2,12
BRDA:40,4,3,12
BRF:12
BRH:10
end_of_record
